[2025-06-06 00:09:08] Request to posts.php: {
    "method": "GET",
    "query": [],
    "session": {
        "user_id": 7,
        "is_admin": 0
    }
}
[2025-06-06 00:09:30] Request to posts.php: {
    "method": "GET",
    "query": [],
    "session": {
        "user_id": 6,
        "is_admin": 1
    }
}
[2025-06-06 00:09:50] Request to posts.php: {
    "method": "GET",
    "query": {
        "saved_by": "6"
    },
    "session": {
        "user_id": 6,
        "is_admin": 1
    }
}
[2025-06-06 00:09:55] Request to posts.php: {
    "method": "GET",
    "query": [],
    "session": {
        "user_id": 6,
        "is_admin": 1
    }
}
[2025-06-06 00:10:02] Request to posts.php: {
    "method": "GET",
    "query": [],
    "session": {
        "user_id": 6,
        "is_admin": 1
    }
}
[2025-06-06 00:10:02] Request to posts.php: {
    "method": "GET",
    "query": {
        "saved_by": "6"
    },
    "session": {
        "user_id": 6,
        "is_admin": 1
    }
}
[2025-06-06 00:10:07] Request to posts.php: {
    "method": "GET",
    "query": {
        "saved_by": "6"
    },
    "session": {
        "user_id": 6,
        "is_admin": 1
    }
}
[2025-06-06 00:10:07] Request to posts.php: {
    "method": "GET",
    "query": {
        "saved_by": "6"
    },
    "session": {
        "user_id": 6,
        "is_admin": 1
    }
}
[2025-06-06 00:10:11] Request to posts.php: {
    "method": "GET",
    "query": [],
    "session": {
        "user_id": 6,
        "is_admin": 1
    }
}
[2025-06-06 00:14:16] Request to posts.php: {
    "method": "GET",
    "query": [],
    "session": {
        "user_id": 7,
        "is_admin": 0
    }
}
[2025-06-06 00:14:33] Request to posts.php: {
    "method": "GET",
    "query": [],
    "session": "No user session"
}
Ação recebida: 'login'
Login - Email: 'juanspiller21@gmail.com'
Login bem-sucedido para: 'juanspiller21@gmail.com'
[2025-06-06 00:15:39] Request to posts.php: {
    "method": "GET",
    "query": [],
    "session": {
        "user_id": 6,
        "is_admin": 1
    }
}
[2025-06-06 00:47:20] Request to posts.php: {
    "method": "GET",
    "query": [],
    "session": "No user session"
}
[2025-06-06 01:20:38] Request to posts.php: {
    "method": "GET",
    "query": [],
    "session": "No user session"
}
Ação recebida: 'login'
Login - Email: 'juanspiller21@gmail.com'
Login bem-sucedido para: 'juanspiller21@gmail.com'
[2025-06-06 01:20:46] Request to posts.php: {
    "method": "GET",
    "query": [],
    "session": {
        "user_id": 6,
        "is_admin": 1
    }
}
[2025-06-06 01:24:33] Request to posts.php: {
    "method": "GET",
    "query": [],
    "session": "No user session"
}
Ação recebida: 'login'
Login - Email: 'juanspiller21@gmail.com'
Login bem-sucedido para: 'juanspiller21@gmail.com'
[2025-06-06 01:24:43] Request to posts.php: {
    "method": "GET",
    "query": [],
    "session": {
        "user_id": 6,
        "is_admin": 1
    }
}
[2025-06-06 01:25:05] Request to posts.php: {
    "method": "GET",
    "query": [],
    "session": {
        "user_id": 6,
        "is_admin": 1
    }
}
[2025-06-06 01:25:09] Request to posts.php: {
    "method": "GET",
    "query": {
        "saved_by": "6"
    },
    "session": {
        "user_id": 6,
        "is_admin": 1
    }
}
[2025-06-06 01:25:12] Request to posts.php: {
    "method": "GET",
    "query": [],
    "session": {
        "user_id": 6,
        "is_admin": 1
    }
}
[2025-06-06 02:28:37] Request to posts.php: {
    "method": "GET",
    "query": [],
    "session": {
        "user_id": 6,
        "is_admin": 1
    }
}
[2025-06-06 02:28:51] Request to posts.php: {
    "method": "GET",
    "query": [],
    "session": {
        "user_id": 6,
        "is_admin": 1
    }
}
[2025-06-06 02:29:00] Request to posts.php: {
    "method": "GET",
    "query": [],
    "session": {
        "user_id": 6,
        "is_admin": 1
    }
}
[2025-06-06 02:29:12] Request to posts.php: {
    "method": "GET",
    "query": [],
    "session": "No user session"
}
[2025-06-06 02:29:15] Request to posts.php: {
    "method": "GET",
    "query": [],
    "session": "No user session"
}
[2025-06-06 02:29:16] Request to posts.php: {
    "method": "POST",
    "query": [],
    "session": "No user session"
}
[2025-06-06 02:29:16] Request to posts.php: {
    "method": "POST",
    "query": [],
    "session": "No user session"
}
Ação recebida: 'login'
Login - Email: 'juanspiller21@gmail.com'
Login bem-sucedido para: 'juanspiller21@gmail.com'
[2025-06-06 02:29:23] Request to posts.php: {
    "method": "GET",
    "query": [],
    "session": {
        "user_id": 6,
        "is_admin": 1
    }
}
[2025-06-06 02:29:34] Request to posts.php: {
    "method": "GET",
    "query": [],
    "session": "No user session"
}
Ação recebida: 'login'
Login - Email: 'juanspiller21@gmail.com'
Login bem-sucedido para: 'juanspiller21@gmail.com'
[2025-06-06 02:29:39] Request to posts.php: {
    "method": "GET",
    "query": [],
    "session": {
        "user_id": 6,
        "is_admin": 1
    }
}
[2025-06-06 02:32:41] Request to posts.php: {
    "method": "GET",
    "query": [],
    "session": {
        "user_id": 6,
        "is_admin": 1
    }
}
[2025-06-06 02:41:59] Request to posts.php: {
    "method": "GET",
    "query": [],
    "session": {
        "user_id": 6,
        "is_admin": 1
    }
}
[2025-06-06 19:43:36] Request to posts.php: {
    "method": "GET",
    "query": [],
    "session": "No user session"
}
[2025-06-06 23:35:20] Request to posts.php: {
    "method": "GET",
    "query": [],
    "session": "No user session"
}
[2025-06-06 23:48:00] Request to posts.php: {
    "method": "GET",
    "query": [],
    "session": "No user session"
}
[2025-06-07 00:28:50] Request to posts.php: {
    "method": "GET",
    "query": [],
    "session": "No user session"
}
[2025-06-07 01:25:40] Request to posts.php: {
    "method": "GET",
    "query": [],
    "session": "No user session"
}
[2025-06-07 02:43:29] Request to posts.php: {
    "method": "GET",
    "query": [],
    "session": "No user session"
}
[2025-06-07 13:55:09] Request to posts.php: {
    "method": "GET",
    "query": [],
    "session": "No user session"
}
[2025-06-07 13:56:19] Request to posts.php: {
    "method": "GET",
    "query": [],
    "session": "No user session"
}
[2025-06-08 06:46:11] Request to posts.php: {
    "method": "GET",
    "query": [],
    "session": "No user session"
}
[2025-06-08 20:46:36] Request to posts.php: {
    "method": "GET",
    "query": [],
    "session": "No user session"
}
[2025-06-08 20:46:38] Request to posts.php: {
    "method": "GET",
    "query": [],
    "session": "No user session"
}
[2025-06-09 00:38:23] Request to posts.php: {
    "method": "GET",
    "query": [],
    "session": "No user session"
}
[2025-06-09 00:38:24] Request to posts.php: {
    "method": "GET",
    "query": [],
    "session": "No user session"
}
[2025-06-09 00:40:54] Request to posts.php: {
    "method": "GET",
    "query": [],
    "session": "No user session"
}
[2025-06-09 01:36:39] Request to posts.php: {
    "method": "GET",
    "query": [],
    "session": "No user session"
}
[2025-06-09 01:58:51] Request to posts.php: {
    "method": "GET",
    "query": [],
    "session": "No user session"
}
[2025-06-09 16:01:25] Request to posts.php: {
    "method": "GET",
    "query": [],
    "session": "No user session"
}
[2025-06-09 20:12:43] Request to posts.php: {
    "method": "GET",
    "query": [],
    "session": "No user session"
}
[2025-06-09 20:30:30] Request to posts.php: {
    "method": "POST",
    "query": [],
    "session": "No user session"
}
Ação recebida: 'login'
Login - Email: 'juanspiller21@gmail.com'
Login bem-sucedido para: 'juanspiller21@gmail.com'
[2025-06-09 20:30:37] Request to posts.php: {
    "method": "GET",
    "query": [],
    "session": {
        "user_id": 6,
        "is_admin": 1
    }
}
[2025-06-09 20:30:39] Request to posts.php: {
    "method": "GET",
    "query": {
        "saved_by": "6"
    },
    "session": {
        "user_id": 6,
        "is_admin": 1
    }
}
[2025-06-09 20:30:40] Request to posts.php: {
    "method": "GET",
    "query": [],
    "session": {
        "user_id": 6,
        "is_admin": 1
    }
}
[2025-06-09 21:19:52] Request to posts.php: {
    "method": "GET",
    "query": [],
    "session": {
        "user_id": 6,
        "is_admin": 1
    }
}
[2025-06-09 21:21:14] Request to posts.php: {
    "method": "GET",
    "query": {
        "saved_by": "6"
    },
    "session": {
        "user_id": 6,
        "is_admin": 1
    }
}
[2025-06-09 21:22:07] Request to posts.php: {
    "method": "GET",
    "query": {
        "saved_by": "6"
    },
    "session": {
        "user_id": 6,
        "is_admin": 1
    }
}
[2025-06-09 21:22:09] Request to posts.php: {
    "method": "GET",
    "query": {
        "saved_by": "6"
    },
    "session": {
        "user_id": 6,
        "is_admin": 1
    }
}
[2025-06-09 21:22:09] Request to posts.php: {
    "method": "GET",
    "query": {
        "saved_by": "6"
    },
    "session": {
        "user_id": 6,
        "is_admin": 1
    }
}
[2025-06-09 21:22:10] Request to posts.php: {
    "method": "GET",
    "query": {
        "saved_by": "6"
    },
    "session": {
        "user_id": 6,
        "is_admin": 1
    }
}
[2025-06-09 21:22:10] Request to posts.php: {
    "method": "GET",
    "query": {
        "saved_by": "6"
    },
    "session": {
        "user_id": 6,
        "is_admin": 1
    }
}
[2025-06-09 21:22:10] Request to posts.php: {
    "method": "GET",
    "query": {
        "saved_by": "6"
    },
    "session": {
        "user_id": 6,
        "is_admin": 1
    }
}
[2025-06-09 21:22:12] Request to posts.php: {
    "method": "GET",
    "query": [],
    "session": {
        "user_id": 6,
        "is_admin": 1
    }
}
[2025-06-09 21:22:13] Request to posts.php: {
    "method": "GET",
    "query": [],
    "session": {
        "user_id": 6,
        "is_admin": 1
    }
}
[2025-06-09 21:22:15] Request to posts.php: {
    "method": "GET",
    "query": {
        "saved_by": "6"
    },
    "session": {
        "user_id": 6,
        "is_admin": 1
    }
}
[2025-06-09 21:23:35] Request to posts.php: {
    "method": "GET",
    "query": {
        "saved_by": "6"
    },
    "session": {
        "user_id": 6,
        "is_admin": 1
    }
}
[2025-06-09 21:23:38] Request to posts.php: {
    "method": "GET",
    "query": {
        "saved_by": "6"
    },
    "session": {
        "user_id": 6,
        "is_admin": 1
    }
}
[2025-06-09 21:26:08] Request to posts.php: {
    "method": "GET",
    "query": [],
    "session": {
        "user_id": 6,
        "is_admin": 1
    }
}
[2025-06-09 22:00:57] Request to posts.php: {
    "method": "GET",
    "query": [],
    "session": {
        "user_id": 6,
        "is_admin": 1
    }
}
Ação recebida: 'logout'
Logout executado
Ação recebida: 'login'
Login - Email: 'juanspiller21@gmail.com'
Login bem-sucedido para: 'juanspiller21@gmail.com'
Ação recebida: 'login'
Login - Email: 'juanspiller21@gmail.com'
Login bem-sucedido para: 'juanspiller21@gmail.com'
[2025-06-09 22:01:44] Request to posts.php: {
    "method": "GET",
    "query": [],
    "session": {
        "user_id": 6,
        "is_admin": 1
    }
}
[2025-06-09 22:02:05] Request to posts.php: {
    "method": "POST",
    "query": [],
    "session": {
        "user_id": 6,
        "is_admin": 1
    }
}
[2025-06-09 22:02:05] Request to posts.php: {
    "method": "GET",
    "query": [],
    "session": {
        "user_id": 6,
        "is_admin": 1
    }
}
[2025-06-09 22:02:18] Request to posts.php: {
    "method": "PATCH",
    "query": {
        "post_id": "4"
    },
    "session": {
        "user_id": 6,
        "is_admin": 1
    }
}
[2025-06-09 22:02:19] Request to posts.php: {
    "method": "GET",
    "query": [],
    "session": {
        "user_id": 6,
        "is_admin": 1
    }
}
[2025-06-09 22:02:21] Request to posts.php: {
    "method": "PATCH",
    "query": {
        "post_id": "4"
    },
    "session": {
        "user_id": 6,
        "is_admin": 1
    }
}
[2025-06-09 22:02:21] Request to posts.php: {
    "method": "GET",
    "query": [],
    "session": {
        "user_id": 6,
        "is_admin": 1
    }
}
[2025-06-09 22:02:24] Request to posts.php: {
    "method": "POST",
    "query": [],
    "session": {
        "user_id": 6,
        "is_admin": 1
    }
}
[2025-06-09 22:02:24] Request to posts.php: {
    "method": "GET",
    "query": [],
    "session": {
        "user_id": 6,
        "is_admin": 1
    }
}
[2025-06-09 22:02:24] Request to posts.php: {
    "method": "GET",
    "query": {
        "comments_for": "4"
    },
    "session": {
        "user_id": 6,
        "is_admin": 1
    }
}
[2025-06-09 22:02:30] Request to posts.php: {
    "method": "POST",
    "query": [],
    "session": {
        "user_id": 6,
        "is_admin": 1
    }
}
[2025-06-09 22:02:30] Request to posts.php: {
    "method": "GET",
    "query": {
        "comments_for": "4"
    },
    "session": {
        "user_id": 6,
        "is_admin": 1
    }
}
[2025-06-09 22:02:54] Request to posts.php: {
    "method": "GET",
    "query": {
        "saved_by": "6"
    },
    "session": {
        "user_id": 6,
        "is_admin": 1
    }
}
[2025-06-09 22:02:59] Request to posts.php: {
    "method": "GET",
    "query": [],
    "session": {
        "user_id": 6,
        "is_admin": 1
    }
}
[2025-06-09 22:03:01] Request to posts.php: {
    "method": "GET",
    "query": {
        "comments_for": "4"
    },
    "session": {
        "user_id": 6,
        "is_admin": 1
    }
}
[2025-06-09 22:03:06] Request to posts.php: {
    "method": "GET",
    "query": {
        "saved_by": "6"
    },
    "session": {
        "user_id": 6,
        "is_admin": 1
    }
}
[2025-06-09 22:03:14] Request to posts.php: {
    "method": "GET",
    "query": [],
    "session": {
        "user_id": 6,
        "is_admin": 1
    }
}
[2025-06-09 22:03:15] Request to posts.php: {
    "method": "GET",
    "query": {
        "comments_for": "4"
    },
    "session": {
        "user_id": 6,
        "is_admin": 1
    }
}
[2025-06-09 22:03:19] Request to posts.php: {
    "method": "GET",
    "query": {
        "saved_by": "6"
    },
    "session": {
        "user_id": 6,
        "is_admin": 1
    }
}
[2025-06-09 22:03:32] Request to posts.php: {
    "method": "GET",
    "query": [],
    "session": {
        "user_id": 6,
        "is_admin": 1
    }
}
[2025-06-09 22:04:16] Request to posts.php: {
    "method": "GET",
    "query": [],
    "session": {
        "user_id": 6,
        "is_admin": 1
    }
}
[2025-06-09 22:04:19] Request to posts.php: {
    "method": "POST",
    "query": [],
    "session": {
        "user_id": 6,
        "is_admin": 1
    }
}
[2025-06-09 22:04:19] Request to posts.php: {
    "method": "GET",
    "query": [],
    "session": {
        "user_id": 6,
        "is_admin": 1
    }
}
[2025-06-09 22:04:19] Request to posts.php: {
    "method": "PATCH",
    "query": {
        "post_id": "8"
    },
    "session": {
        "user_id": 6,
        "is_admin": 1
    }
}
[2025-06-09 22:04:19] Request to posts.php: {
    "method": "GET",
    "query": [],
    "session": {
        "user_id": 6,
        "is_admin": 1
    }
}
[2025-06-09 22:04:44] Request to posts.php: {
    "method": "GET",
    "query": [],
    "session": {
        "user_id": 6,
        "is_admin": 1
    }
}
[2025-06-09 22:05:14] Request to posts.php: {
    "method": "PATCH",
    "query": {
        "post_id": "8"
    },
    "session": {
        "user_id": 6,
        "is_admin": 1
    }
}
[2025-06-09 22:05:14] Request to posts.php: {
    "method": "GET",
    "query": [],
    "session": {
        "user_id": 6,
        "is_admin": 1
    }
}
[2025-06-09 22:05:15] Request to posts.php: {
    "method": "PATCH",
    "query": {
        "post_id": "8"
    },
    "session": {
        "user_id": 6,
        "is_admin": 1
    }
}
[2025-06-09 22:05:15] Request to posts.php: {
    "method": "GET",
    "query": [],
    "session": {
        "user_id": 6,
        "is_admin": 1
    }
}
[2025-06-09 22:05:16] Request to posts.php: {
    "method": "GET",
    "query": {
        "saved_by": "6"
    },
    "session": {
        "user_id": 6,
        "is_admin": 1
    }
}
[2025-06-09 22:05:20] Request to posts.php: {
    "method": "GET",
    "query": [],
    "session": {
        "user_id": 6,
        "is_admin": 1
    }
}
[2025-06-09 22:05:21] Request to posts.php: {
    "method": "GET",
    "query": {
        "comments_for": "8"
    },
    "session": {
        "user_id": 6,
        "is_admin": 1
    }
}
[2025-06-09 22:05:22] Request to posts.php: {
    "method": "GET",
    "query": {
        "comments_for": "4"
    },
    "session": {
        "user_id": 6,
        "is_admin": 1
    }
}
[2025-06-09 22:05:36] Request to posts.php: {
    "method": "GET",
    "query": [],
    "session": {
        "user_id": 6,
        "is_admin": 1
    }
}
[2025-06-10 04:54:45] Request to posts.php: {
    "method": "GET",
    "query": [],
    "session": "No user session"
}
[2025-06-10 17:45:39] Request to posts.php: {
    "method": "GET",
    "query": [],
    "session": "No user session"
}
[2025-06-11 04:04:41] Request to posts.php: {
    "method": "GET",
    "query": [],
    "session": {
        "user_id": 6,
        "is_admin": 1
    }
}
[2025-06-11 04:08:59] Request to posts.php: {
    "method": "GET",
    "query": [],
    "session": {
        "user_id": 6,
        "is_admin": 1
    }
}
[2025-06-11 04:09:02] Request to posts.php: {
    "method": "POST",
    "query": [],
    "session": {
        "user_id": 6,
        "is_admin": 1
    }
}
[2025-06-11 04:09:02] Request to posts.php: {
    "method": "GET",
    "query": [],
    "session": {
        "user_id": 6,
        "is_admin": 1
    }
}
[2025-06-11 04:09:03] Request to posts.php: {
    "method": "POST",
    "query": [],
    "session": {
        "user_id": 6,
        "is_admin": 1
    }
}
[2025-06-11 04:09:03] Request to posts.php: {
    "method": "GET",
    "query": [],
    "session": {
        "user_id": 6,
        "is_admin": 1
    }
}
[2025-06-11 04:09:04] Request to posts.php: {
    "method": "GET",
    "query": {
        "comments_for": "10"
    },
    "session": {
        "user_id": 6,
        "is_admin": 1
    }
}
[2025-06-11 04:09:16] Request to posts.php: {
    "method": "GET",
    "query": {
        "saved_by": "6"
    },
    "session": {
        "user_id": 6,
        "is_admin": 1
    }
}
[2025-06-11 04:09:18] Request to posts.php: {
    "method": "GET",
    "query": [],
    "session": {
        "user_id": 6,
        "is_admin": 1
    }
}
[2025-06-11 04:09:25] Request to posts.php: {
    "method": "GET",
    "query": {
        "comments_for": "10"
    },
    "session": {
        "user_id": 6,
        "is_admin": 1
    }
}
[2025-06-11 04:09:27] Request to posts.php: {
    "method": "GET",
    "query": {
        "comments_for": "9"
    },
    "session": {
        "user_id": 6,
        "is_admin": 1
    }
}
[2025-06-11 16:31:28] Request to posts.php: {
    "method": "GET",
    "query": [],
    "session": {
        "user_id": 6,
        "is_admin": 1
    }
}
[2025-06-12 16:03:41] Request to posts.php: {
    "method": "GET",
    "query": [],
    "session": "No user session"
}
[2025-06-12 16:05:19] Request to posts.php: {
    "method": "GET",
    "query": [],
    "session": "No user session"
}
[2025-06-13 08:12:28] Request to posts.php: {
    "method": "GET",
    "query": [],
    "session": "No user session"
}
[2025-06-13 08:12:55] Request to posts.php: {
    "method": "GET",
    "query": [],
    "session": "No user session"
}
[2025-06-13 08:12:55] Request to posts.php: {
    "method": "GET",
    "query": [],
    "session": "No user session"
}
[2025-06-13 16:35:06] Request to posts.php: {
    "method": "GET",
    "query": [],
    "session": "No user session"
}
[2025-06-13 16:38:53] Request to posts.php: {
    "method": "GET",
    "query": [],
    "session": "No user session"
}
[2025-06-13 16:43:33] Request to posts.php: {
    "method": "GET",
    "query": [],
    "session": "No user session"
}
[2025-06-15 13:14:47] Request to posts.php: {
    "method": "GET",
    "query": [],
    "session": "No user session"
}
[2025-06-15 13:14:47] Request to posts.php: {
    "method": "GET",
    "query": [],
    "session": "No user session"
}
[2025-06-18 15:53:03] Request to posts.php: {
    "method": "GET",
    "query": [],
    "session": "No user session"
}
[2025-06-18 15:58:27] Request to posts.php: {
    "method": "GET",
    "query": [],
    "session": "No user session"
}
[2025-06-19 16:59:20] Request to posts.php: {
    "method": "GET",
    "query": [],
    "session": "No user session"
}
[2025-06-20 16:38:03] Request to posts.php: {
    "method": "GET",
    "query": [],
    "session": "No user session"
}
[2025-06-21 00:57:43] Request to posts.php: {
    "method": "GET",
    "query": [],
    "session": "No user session"
}
[2025-06-23 04:17:12] Request to posts.php: {
    "method": "GET",
    "query": [],
    "session": "No user session"
}
[2025-06-23 15:15:01] Request to posts.php: {
    "method": "GET",
    "query": [],
    "session": "No user session"
}
[2025-06-24 07:49:03] Request to posts.php: {
    "method": "GET",
    "query": [],
    "session": "No user session"
}
[2025-06-24 16:10:42] Request to posts.php: {
    "method": "GET",
    "query": [],
    "session": "No user session"
}
[2025-06-25 12:54:18] Request to posts.php: {
    "method": "GET",
    "query": [],
    "session": "No user session"
}
[2025-06-25 15:24:49] Request to posts.php: {
    "method": "GET",
    "query": [],
    "session": "No user session"
}
[2025-06-26 12:17:38] Request to posts.php: {
    "method": "GET",
    "query": [],
    "session": "No user session"
}
[2025-06-26 22:01:16] Request to posts.php: {
    "method": "GET",
    "query": [],
    "session": "No user session"
}
[2025-06-27 10:13:39] Request to posts.php: {
    "method": "GET",
    "query": [],
    "session": "No user session"
}
[2025-06-27 10:13:39] Request to posts.php: {
    "method": "GET",
    "query": [],
    "session": "No user session"
}
[2025-06-27 10:42:53] Request to posts.php: {
    "method": "GET",
    "query": [],
    "session": "No user session"
}
[2025-06-28 13:29:07] Request to posts.php: {
    "method": "GET",
    "query": [],
    "session": "No user session"
}
[2025-06-29 13:22:02] Request to posts.php: {
    "method": "GET",
    "query": [],
    "session": "No user session"
}
[2025-06-29 13:28:54] Request to posts.php: {
    "method": "GET",
    "query": [],
    "session": "No user session"
}
[2025-06-30 16:56:05] Request to posts.php: {
    "method": "GET",
    "query": [],
    "session": "No user session"
}
[2025-07-01 03:48:18] Request to posts.php: {
    "method": "GET",
    "query": [],
    "session": "No user session"
}
[2025-07-01 12:04:40] Request to posts.php: {
    "method": "GET",
    "query": [],
    "session": "No user session"
}
[2025-07-01 17:45:42] Request to posts.php: {
    "method": "GET",
    "query": [],
    "session": "No user session"
}
[2025-07-03 01:25:12] Upload request received: {
    "LSPHP_ProcessGroup": "on",
    "PATH": "\/usr\/local\/bin:\/bin:\/usr\/bin",
    "HTTP_ACCEPT_ENCODING": "gzip",
    "HTTP_HOST": "jardimealegria.blog",
    "HTTP_REFERER": "http:\/\/jardimealegria.blog\/upload.php",
    "HTTP_USER_AGENT": "Go-http-client\/2.0",
    "HTTP_X_FORWARDED_FOR": "216.24.210.199",
    "HTTP_X_FORWARDED_PROTO": "https",
    "HTTP_X_REAL_IP": "216.24.210.199",
    "HTTP_X_REAL_PORT": "55231",
    "HTTP_X_FORWARDED_PORT": "443",
    "HTTP_X_PORT": "443",
    "HTTP_X_LSCACHE": "1",
    "DOCUMENT_ROOT": "\/home\/u933302538\/domains\/jardimealegria.blog\/public_html",
    "REMOTE_ADDR": "216.24.210.199",
    "REMOTE_PORT": "52496",
    "SERVER_ADDR": "2a02:4780:13:917:0:37a1:110a:10",
    "SERVER_NAME": "jardimealegria.blog",
    "SERVER_ADMIN": "",
    "SERVER_PORT": "443",
    "REQUEST_SCHEME": "https",
    "REQUEST_URI": "\/upload.php",
    "PROXY_REMOTE_ADDR": "2a02:4780:b:11::2",
    "HTTPS": "on",
    "CRAWLER_USLEEP": "1000",
    "CRAWLER_LOAD_LIMIT_ENFORCE": "25",
    "H_PLATFORM": "Hostinger",
    "H_TYPE": "shared",
    "H_CANARY": "false",
    "H_STAGING": "false",
    "SSL_PROTOCOL": "TLSv1.3",
    "SSL_CIPHER": "TLS_AES_256_GCM_SHA384",
    "SSL_CIPHER_USEKEYSIZE": "256",
    "SSL_CIPHER_ALGKEYSIZE": "256",
    "SCRIPT_FILENAME": "\/home\/u933302538\/domains\/jardimealegria.blog\/public_html\/upload.php",
    "QUERY_STRING": "",
    "SCRIPT_URI": "https:\/\/jardimealegria.blog\/upload.php",
    "SCRIPT_URL": "\/upload.php",
    "SCRIPT_NAME": "\/upload.php",
    "SERVER_PROTOCOL": "HTTP\/1.1",
    "SERVER_SOFTWARE": "LiteSpeed",
    "REQUEST_METHOD": "GET",
    "X-LSCACHE": "on,crawler,esi,combine",
    "PHP_SELF": "\/upload.php",
    "REQUEST_TIME_FLOAT": 1751505912.910898,
    "REQUEST_TIME": 1751505912
}
[2025-07-03 01:25:12] Session data
[2025-07-03 01:25:12] Authentication failed - no user in session
[2025-07-03 03:31:04] Request to posts.php: {
    "method": "GET",
    "query": [],
    "session": "No user session"
}
[2025-07-04 05:27:40] Request to posts.php: {
    "method": "GET",
    "query": [],
    "session": "No user session"
}
[2025-07-04 05:27:55] Request to posts.php: {
    "method": "GET",
    "query": [],
    "session": "No user session"
}
[2025-07-04 18:09:34] Request to posts.php: {
    "method": "GET",
    "query": [],
    "session": "No user session"
}
[2025-07-05 15:19:51] Request to posts.php: {
    "method": "GET",
    "query": [],
    "session": "No user session"
}
[2025-07-05 15:37:24] Request to posts.php: {
    "method": "GET",
    "query": [],
    "session": "No user session"
}
[2025-07-05 15:37:50] Request to posts.php: {
    "method": "GET",
    "query": [],
    "session": "No user session"
}
[2025-07-05 15:47:57] Request to posts.php: {
    "method": "GET",
    "query": [],
    "session": "No user session"
}
[2025-07-06 15:11:36] Request to posts.php: {
    "method": "GET",
    "query": [],
    "session": "No user session"
}
[2025-07-06 15:15:05] Request to posts.php: {
    "method": "GET",
    "query": [],
    "session": "No user session"
}
[2025-07-07 17:18:08] Request to posts.php: {
    "method": "GET",
    "query": [],
    "session": "No user session"
}
[2025-07-08 16:44:37] Request to posts.php: {
    "method": "GET",
    "query": [],
    "session": "No user session"
}
[2025-07-09 13:43:43] Request to posts.php: {
    "method": "GET",
    "query": [],
    "session": "No user session"
}
[2025-07-09 17:36:25] Request to posts.php: {
    "method": "GET",
    "query": [],
    "session": "No user session"
}
[2025-07-10 02:01:25] Request to posts.php: {
    "method": "GET",
    "query": [],
    "session": "No user session"
}
[2025-07-10 10:47:05] Request to posts.php: {
    "method": "GET",
    "query": [],
    "session": "No user session"
}
[2025-07-10 15:02:46] Request to posts.php: {
    "method": "GET",
    "query": [],
    "session": "No user session"
}
[2025-07-10 16:15:14] Request to posts.php: {
    "method": "GET",
    "query": [],
    "session": "No user session"
}
[2025-07-10 16:33:40] Request to posts.php: {
    "method": "GET",
    "query": [],
    "session": "No user session"
}
[2025-07-12 14:43:00] Request to posts.php: {
    "method": "GET",
    "query": [],
    "session": "No user session"
}
[2025-07-12 14:46:51] Request to posts.php: {
    "method": "GET",
    "query": [],
    "session": "No user session"
}
[2025-07-12 16:59:43] Request to posts.php: {
    "method": "GET",
    "query": [],
    "session": "No user session"
}
[2025-07-14 15:05:20] Request to posts.php: {
    "method": "GET",
    "query": [],
    "session": "No user session"
}
[2025-07-14 16:09:46] Request to posts.php: {
    "method": "GET",
    "query": [],
    "session": "No user session"
}
[2025-07-15 02:20:41] Request to posts.php: {
    "method": "GET",
    "query": [],
    "session": "No user session"
}
[2025-07-15 02:44:35] Request to posts.php: {
    "method": "GET",
    "query": [],
    "session": "No user session"
}
[2025-07-15 15:59:20] Request to posts.php: {
    "method": "GET",
    "query": [],
    "session": "No user session"
}
[2025-07-15 22:11:01] Request to posts.php: {
    "method": "GET",
    "query": [],
    "session": "No user session"
}
[2025-07-16 16:23:56] Request to posts.php: {
    "method": "GET",
    "query": [],
    "session": "No user session"
}
[2025-07-17 15:15:49] Request to posts.php: {
    "method": "GET",
    "query": [],
    "session": "No user session"
}
[2025-07-18 16:38:06] Request to posts.php: {
    "method": "GET",
    "query": [],
    "session": "No user session"
}
[2025-07-19 15:45:52] Request to posts.php: {
    "method": "GET",
    "query": [],
    "session": "No user session"
}
[2025-07-20 15:50:51] Request to posts.php: {
    "method": "GET",
    "query": [],
    "session": "No user session"
}
Método não permitido: GET
[2025-07-21 15:42:12] Request to posts.php: {
    "method": "GET",
    "query": [],
    "session": "No user session"
}
[2025-07-21 15:45:29] Request to posts.php: {
    "method": "GET",
    "query": [],
    "session": "No user session"
}
[2025-07-22 16:30:25] Request to posts.php: {
    "method": "GET",
    "query": [],
    "session": "No user session"
}
[2025-07-23 12:57:25] Request to posts.php: {
    "method": "GET",
    "query": [],
    "session": "No user session"
}
[2025-07-23 12:57:26] Request to posts.php: {
    "method": "GET",
    "query": [],
    "session": "No user session"
}
[2025-07-23 12:57:27] Request to posts.php: {
    "method": "GET",
    "query": [],
    "session": "No user session"
}
[2025-07-23 12:57:28] Request to posts.php: {
    "method": "GET",
    "query": [],
    "session": "No user session"
}
[2025-07-23 22:11:16] Request to posts.php: {
    "method": "GET",
    "query": [],
    "session": "No user session"
}
[2025-07-24 17:19:10] Request to posts.php: {
    "method": "GET",
    "query": [],
    "session": "No user session"
}
[2025-07-24 21:56:54] Request to posts.php: {
    "method": "GET",
    "query": [],
    "session": "No user session"
}
[2025-07-25 18:11:50] Request to posts.php: {
    "method": "GET",
    "query": [],
    "session": "No user session"
}
[2025-07-26 13:06:40] Request to posts.php: {
    "method": "GET",
    "query": [],
    "session": "No user session"
}
[2025-07-26 15:43:22] Request to posts.php: {
    "method": "GET",
    "query": [],
    "session": "No user session"
}
[2025-07-26 21:55:32] Request to posts.php: {
    "method": "GET",
    "query": [],
    "session": "No user session"
}
[2025-07-27 16:27:54] Request to posts.php: {
    "method": "GET",
    "query": [],
    "session": "No user session"
}
[2025-07-28 16:49:21] Request to posts.php: {
    "method": "GET",
    "query": [],
    "session": "No user session"
}
[2025-07-29 03:34:02] Request to posts.php: {
    "method": "GET",
    "query": [],
    "session": "No user session"
}
[2025-07-29 05:31:46] Request to posts.php: {
    "method": "GET",
    "query": [],
    "session": "No user session"
}
[2025-07-29 15:29:37] Request to posts.php: {
    "method": "GET",
    "query": [],
    "session": "No user session"
}
[2025-07-30 16:54:36] Request to posts.php: {
    "method": "GET",
    "query": [],
    "session": "No user session"
}
[2025-07-31 17:18:09] Request to posts.php: {
    "method": "GET",
    "query": [],
    "session": "No user session"
}
[2025-08-01 12:58:24] Request to posts.php: {
    "method": "GET",
    "query": [],
    "session": "No user session"
}
[2025-08-01 15:38:51] Request to posts.php: {
    "method": "GET",
    "query": [],
    "session": "No user session"
}
[2025-08-01 17:18:48] Request to posts.php: {
    "method": "GET",
    "query": [],
    "session": "No user session"
}
[2025-08-01 17:24:02] Request to posts.php: {
    "method": "GET",
    "query": [],
    "session": "No user session"
}
[2025-08-02 15:47:24] Request to posts.php: {
    "method": "GET",
    "query": [],
    "session": "No user session"
}
[2025-08-02 16:33:36] Request to posts.php: {
    "method": "GET",
    "query": [],
    "session": "No user session"
}
[2025-08-03 16:36:40] Request to posts.php: {
    "method": "GET",
    "query": [],
    "session": "No user session"
}
[2025-08-04 17:16:30] Request to posts.php: {
    "method": "GET",
    "query": [],
    "session": "No user session"
}
[2025-08-05 19:11:39] Request to posts.php: {
    "method": "GET",
    "query": [],
    "session": "No user session"
}
[2025-08-06 15:37:53] Request to posts.php: {
    "method": "GET",
    "query": [],
    "session": "No user session"
}
[2025-08-07 08:30:49] Request to posts.php: {
    "method": "GET",
    "query": [],
    "session": "No user session"
}
[2025-08-07 08:33:19] Request to posts.php: {
    "method": "GET",
    "query": [],
    "session": "No user session"
}
[2025-08-07 18:12:31] Request to posts.php: {
    "method": "GET",
    "query": [],
    "session": "No user session"
}
[2025-08-08 22:22:51] Request to posts.php: {
    "method": "GET",
    "query": [],
    "session": "No user session"
}
[2025-08-09 09:16:40] Request to posts.php: {
    "method": "GET",
    "query": [],
    "session": "No user session"
}
[2025-08-10 04:19:32] Request to posts.php: {
    "method": "GET",
    "query": [],
    "session": "No user session"
}
